<?xml version="1.0" encoding="UTF-8"?>
<testsuite name="ru.netology.postmanecho.PostmanEchoTest" tests="1" skipped="0" failures="0" errors="0" timestamp="2022-11-07T14:48:10" hostname="DESKTOP-ULV66MB" time="4.819">
  <properties/>
  <testcase name="PostmanEchoTest()" classname="ru.netology.postmanecho.PostmanEchoTest" time="4.819"/>
  <system-out><![CDATA[]]></system-out>
  <system-err><![CDATA[]]></system-err>
</testsuite>
